<?xml version="1.0" encoding="UTF-8"?>
<!-- Generated by org.testng.reporters.JUnitReportReporter -->
<testsuite skipped="0" hostname="DESKTOP-RIGKATV" name="org.sample.a" tests="2" failures="0" timestamp="08 Apr 2022 14:16:45 GMT" time="130.503" errors="0">
  <testcase name="t" time="72.997" classname="org.sample.a"/>
  <testcase name="t" time="57.506" classname="org.sample.a"/>
</testsuite> <!-- org.sample.a -->
