<?xml version="1.0" encoding="UTF-8"?>
<!-- Generated by org.testng.reporters.JUnitReportReporter -->
<testsuite skipped="0" hostname="DESKTOP-RIGKATV" name="org.demo.Sample" tests="3" failures="0" timestamp="28 Mar 2022 13:56:15 GMT" time="13.274" errors="0">
  <testcase name="tc2" time="5.848" classname="org.demo.Sample"/>
  <testcase name="tc3" time="0.317" classname="org.demo.Sample"/>
  <testcase name="tc1" time="7.109" classname="org.demo.Sample"/>
</testsuite> <!-- org.demo.Sample -->
